[2026-02-26 20:21:05] INFO: Session heartbeat received
[2026-02-26 20:21:14] INFO: Data synchronization complete
[2026-02-26 20:21:51] INFO: Session heartbeat received
[2026-02-26 20:22:26] DEBUG: Thread pool adjusted
[2026-02-26 20:22:39] INFO: Data synchronization complete
[2026-02-26 20:23:22] INFO: User login successful
[2026-02-26 20:23:50] INFO: Connection stable
[2026-02-26 20:24:38] INFO: User login successful
[2026-02-26 20:25:01] DEBUG: Memory clear
[2026-02-26 20:25:50] INFO: Session heartbeat received
[2026-02-26 20:26:39] INFO: Connection stable
[2026-02-26 20:27:29] DEBUG: Cache refreshed
[2026-02-26 20:28:01] INFO: Connection stable
[2026-02-26 20:28:58] INFO: API request processed
[2026-02-26 20:29:44] DEBUG: Cache refreshed
[2026-02-26 20:30:06] DEBUG: Cache refreshed
[2026-02-26 20:30:24] DEBUG: Thread pool adjusted
[2026-02-26 20:31:01] INFO: API request processed
[2026-02-26 20:31:46] DEBUG: Cache refreshed
[2026-02-26 20:32:01] DEBUG: Cache refreshed
[2026-02-26 20:32:29] INFO: Connection stable
[2026-02-26 20:33:22] INFO: Connection stable
[2026-02-26 20:33:35] DEBUG: Thread pool adjusted
[2026-02-26 20:34:29] INFO: Connection stable
[2026-02-26 20:35:27] INFO: User login successful
[2026-02-26 20:35:44] DEBUG: Thread pool adjusted
[2026-02-26 20:36:26] DEBUG: Memory clear
[2026-02-26 20:36:52] WARN: High latency detected
[2026-02-26 20:37:13] INFO: Session heartbeat received
[2026-02-26 20:37:42] INFO: Session heartbeat received
[2026-02-26 20:38:30] DEBUG: Cache refreshed
[2026-02-26 20:38:40] INFO: Connection stable
[2026-02-26 20:39:39] INFO: Connection stable
[2026-02-26 20:40:03] WARN: High latency detected
[2026-02-26 20:40:37] WARN: High latency detected
[2026-02-26 20:41:13] DEBUG: Thread pool adjusted
[2026-02-26 20:41:41] INFO: API request processed
[2026-02-26 20:42:18] DEBUG: Thread pool adjusted
[2026-02-26 20:43:01] INFO: Session heartbeat received
[2026-02-26 20:43:37] INFO: User login successful
[2026-02-26 20:44:08] INFO: Connection stable
[2026-02-26 20:44:30] INFO: Session heartbeat received
[2026-02-26 20:45:16] INFO: Session heartbeat received
[2026-02-26 20:45:55] INFO: Connection stable
[2026-02-26 20:46:05] DEBUG: Cache refreshed
[2026-02-26 20:46:28] INFO: API request processed
[2026-02-26 20:47:00] WARN: High latency detected
[2026-02-26 20:47:05] INFO: Session heartbeat received
[2026-02-26 20:48:00] CRITICAL_ERROR: Database_Connection_Timeout
[2026-02-26 20:48:43] DEBUG: Thread pool adjusted
