[2026-02-26 17:05:59] INFO: User login successful
[2026-02-26 17:06:17] DEBUG: Thread pool adjusted
[2026-02-26 17:06:28] INFO: API request processed
[2026-02-26 17:06:46] DEBUG: Thread pool adjusted
[2026-02-26 17:07:42] INFO: API request processed
[2026-02-26 17:08:14] INFO: Session heartbeat received
[2026-02-26 17:08:28] DEBUG: Thread pool adjusted
[2026-02-26 17:08:44] INFO: User login successful
[2026-02-26 17:09:08] INFO: Session heartbeat received
[2026-02-26 17:09:55] WARN: Disk usage at 80%
[2026-02-26 17:10:49] INFO: API request processed
[2026-02-26 17:11:13] INFO: Data synchronization complete
[2026-02-26 17:11:51] INFO: User login successful
[2026-02-26 17:12:51] INFO: User login successful
[2026-02-26 17:12:58] INFO: API request processed
[2026-02-26 17:13:39] DEBUG: Memory clear
[2026-02-26 17:14:13] WARN: Disk usage at 80%
[2026-02-26 17:15:01] INFO: Session heartbeat received
[2026-02-26 17:15:30] DEBUG: Thread pool adjusted
[2026-02-26 17:15:48] INFO: Connection stable
[2026-02-26 17:16:22] INFO: Data synchronization complete
[2026-02-26 17:16:44] DEBUG: Thread pool adjusted
[2026-02-26 17:17:27] DEBUG: Cache refreshed
[2026-02-26 17:17:53] INFO: API request processed
[2026-02-26 17:18:49] DEBUG: Cache refreshed
[2026-02-26 17:19:35] DEBUG: Cache refreshed
[2026-02-26 17:19:54] INFO: Session heartbeat received
[2026-02-26 17:20:25] DEBUG: Cache refreshed
[2026-02-26 17:20:43] INFO: Connection stable
[2026-02-26 17:21:33] INFO: Data synchronization complete
[2026-02-26 17:21:42] DEBUG: Thread pool adjusted
[2026-02-26 17:22:15] INFO: Connection stable
[2026-02-26 17:22:51] WARN: High latency detected
[2026-02-26 17:23:22] DEBUG: Thread pool adjusted
[2026-02-26 17:24:01] INFO: Connection stable
[2026-02-26 17:24:41] INFO: API request processed
[2026-02-26 17:25:24] DEBUG: Memory clear
[2026-02-26 17:25:42] DEBUG: Thread pool adjusted
[2026-02-26 17:25:55] INFO: User login successful
[2026-02-26 17:26:34] INFO: API request processed
[2026-02-26 17:27:29] WARN: Disk usage at 80%
[2026-02-26 17:28:18] INFO: API request processed
[2026-02-26 17:29:06] WARN: Disk usage at 80%
[2026-02-26 17:29:29] INFO: Data synchronization complete
[2026-02-26 17:30:13] INFO: Session heartbeat received
[2026-02-26 17:31:06] INFO: Data synchronization complete
[2026-02-26 17:31:56] INFO: User login successful
[2026-02-26 17:32:19] WARN: High latency detected
[2026-02-26 17:33:11] WARN: High latency detected
[2026-02-26 17:33:36] INFO: Connection stable
