[2026-02-26 15:44:02] DEBUG: Thread pool adjusted
[2026-02-26 15:44:21] INFO: API request processed
[2026-02-26 15:45:09] WARN: Disk usage at 80%
[2026-02-26 15:45:49] DEBUG: Thread pool adjusted
[2026-02-26 15:46:26] WARN: High latency detected
[2026-02-26 15:46:40] DEBUG: Cache refreshed
[2026-02-26 15:47:10] INFO: API request processed
[2026-02-26 15:47:47] WARN: High latency detected
[2026-02-26 15:48:36] INFO: User login successful
[2026-02-26 15:48:46] WARN: High latency detected
[2026-02-26 15:49:21] INFO: Connection stable
[2026-02-26 15:49:41] DEBUG: Memory clear
[2026-02-26 15:50:15] WARN: High latency detected
[2026-02-26 15:51:02] DEBUG: Thread pool adjusted
[2026-02-26 15:51:32] WARN: High latency detected
[2026-02-26 15:52:26] INFO: Session heartbeat received
[2026-02-26 15:53:08] DEBUG: Cache refreshed
[2026-02-26 15:53:34] DEBUG: Cache refreshed
[2026-02-26 15:54:02] WARN: Disk usage at 80%
[2026-02-26 15:54:19] WARN: High latency detected
[2026-02-26 15:54:25] INFO: API request processed
[2026-02-26 15:54:58] INFO: Connection stable
[2026-02-26 15:55:27] DEBUG: Thread pool adjusted
[2026-02-26 15:55:49] INFO: Session heartbeat received
[2026-02-26 15:56:31] INFO: Session heartbeat received
[2026-02-26 15:57:28] INFO: User login successful
[2026-02-26 15:58:17] INFO: API request processed
[2026-02-26 15:58:35] DEBUG: Cache refreshed
[2026-02-26 15:59:08] INFO: API request processed
[2026-02-26 15:59:21] INFO: Connection stable
[2026-02-26 15:59:34] DEBUG: Thread pool adjusted
[2026-02-26 16:00:01] INFO: Connection stable
[2026-02-26 16:00:32] WARN: Disk usage at 80%
[2026-02-26 16:01:30] DEBUG: Cache refreshed
[2026-02-26 16:01:40] DEBUG: Memory clear
[2026-02-26 16:02:16] DEBUG: Thread pool adjusted
[2026-02-26 16:02:36] INFO: Connection stable
[2026-02-26 16:02:57] INFO: Session heartbeat received
[2026-02-26 16:03:26] WARN: High latency detected
[2026-02-26 16:04:26] DEBUG: Memory clear
[2026-02-26 16:05:14] INFO: User login successful
[2026-02-26 16:05:31] DEBUG: Thread pool adjusted
[2026-02-26 16:05:44] INFO: API request processed
[2026-02-26 16:06:40] DEBUG: Cache refreshed
[2026-02-26 16:07:25] INFO: Connection stable
[2026-02-26 16:08:21] DEBUG: Thread pool adjusted
[2026-02-26 16:09:06] WARN: High latency detected
[2026-02-26 16:09:11] WARN: Disk usage at 80%
[2026-02-26 16:09:27] INFO: Connection stable
[2026-02-26 16:09:57] WARN: High latency detected
