[2026-02-26 17:34:19] INFO: Session heartbeat received
[2026-02-26 17:35:14] DEBUG: Cache refreshed
[2026-02-26 17:35:55] INFO: Session heartbeat received
[2026-02-26 17:36:55] DEBUG: Memory clear
[2026-02-26 17:37:10] INFO: Data synchronization complete
[2026-02-26 17:37:55] DEBUG: Memory clear
[2026-02-26 17:38:49] DEBUG: Memory clear
[2026-02-26 17:39:07] INFO: User login successful
[2026-02-26 17:39:29] INFO: Data synchronization complete
[2026-02-26 17:40:28] INFO: Session heartbeat received
[2026-02-26 17:41:07] INFO: Connection stable
[2026-02-26 17:42:00] DEBUG: Thread pool adjusted
[2026-02-26 17:43:00] DEBUG: Cache refreshed
[2026-02-26 17:43:51] DEBUG: Thread pool adjusted
[2026-02-26 17:44:44] DEBUG: Thread pool adjusted
[2026-02-26 17:45:28] WARN: High latency detected
[2026-02-26 17:45:45] DEBUG: Thread pool adjusted
[2026-02-26 17:46:05] INFO: Data synchronization complete
[2026-02-26 17:46:26] WARN: High latency detected
[2026-02-26 17:47:07] WARN: Disk usage at 80%
[2026-02-26 17:47:14] DEBUG: Cache refreshed
[2026-02-26 17:47:28] INFO: Connection stable
[2026-02-26 17:47:38] DEBUG: Memory clear
[2026-02-26 17:48:38] DEBUG: Memory clear
[2026-02-26 17:48:44] INFO: API request processed
[2026-02-26 17:49:17] WARN: High latency detected
[2026-02-26 17:49:52] DEBUG: Cache refreshed
[2026-02-26 17:50:30] DEBUG: Cache refreshed
[2026-02-26 17:51:15] INFO: Connection stable
[2026-02-26 17:51:38] INFO: Data synchronization complete
[2026-02-26 17:52:32] DEBUG: Memory clear
[2026-02-26 17:53:25] DEBUG: Cache refreshed
[2026-02-26 17:53:57] DEBUG: Memory clear
[2026-02-26 17:54:11] INFO: API request processed
[2026-02-26 17:55:10] WARN: High latency detected
[2026-02-26 17:55:38] INFO: User login successful
[2026-02-26 17:56:32] WARN: High latency detected
[2026-02-26 17:56:37] INFO: Data synchronization complete
[2026-02-26 17:57:06] INFO: Connection stable
[2026-02-26 17:57:12] INFO: API request processed
[2026-02-26 17:57:30] INFO: Session heartbeat received
[2026-02-26 17:58:05] INFO: Data synchronization complete
[2026-02-26 17:59:04] INFO: Data synchronization complete
[2026-02-26 17:59:57] INFO: User login successful
[2026-02-26 18:00:31] INFO: Session heartbeat received
[2026-02-26 18:00:38] INFO: User login successful
[2026-02-26 18:01:12] DEBUG: Cache refreshed
[2026-02-26 18:01:20] DEBUG: Memory clear
[2026-02-26 18:02:13] WARN: Disk usage at 80%
[2026-02-26 18:02:32] WARN: Disk usage at 80%
