[2026-02-26 16:10:27] DEBUG: Thread pool adjusted
[2026-02-26 16:10:47] WARN: Disk usage at 80%
[2026-02-26 16:11:18] INFO: Data synchronization complete
[2026-02-26 16:11:51] INFO: Session heartbeat received
[2026-02-26 16:12:34] INFO: API request processed
[2026-02-26 16:13:26] INFO: Connection stable
[2026-02-26 16:13:43] DEBUG: Cache refreshed
[2026-02-26 16:14:12] INFO: Session heartbeat received
[2026-02-26 16:14:57] DEBUG: Memory clear
[2026-02-26 16:15:27] DEBUG: Thread pool adjusted
[2026-02-26 16:15:53] DEBUG: Thread pool adjusted
[2026-02-26 16:16:50] DEBUG: Thread pool adjusted
[2026-02-26 16:17:22] INFO: Connection stable
[2026-02-26 16:17:38] DEBUG: Memory clear
[2026-02-26 16:17:55] DEBUG: Memory clear
[2026-02-26 16:18:16] INFO: Session heartbeat received
[2026-02-26 16:18:44] WARN: Disk usage at 80%
[2026-02-26 16:19:28] DEBUG: Cache refreshed
[2026-02-26 16:20:18] DEBUG: Memory clear
[2026-02-26 16:21:01] WARN: High latency detected
[2026-02-26 16:21:38] INFO: API request processed
[2026-02-26 16:22:35] WARN: High latency detected
[2026-02-26 16:23:31] DEBUG: Thread pool adjusted
[2026-02-26 16:23:42] WARN: Disk usage at 80%
[2026-02-26 16:23:48] INFO: API request processed
[2026-02-26 16:24:01] DEBUG: Memory clear
[2026-02-26 16:24:16] CRITICAL_ERROR: Database_Connection_Timeout
[2026-02-26 16:25:02] DEBUG: Memory clear
[2026-02-26 16:25:31] INFO: Session heartbeat received
[2026-02-26 16:26:24] DEBUG: Cache refreshed
[2026-02-26 16:27:18] INFO: Session heartbeat received
[2026-02-26 16:27:33] WARN: High latency detected
[2026-02-26 16:28:27] DEBUG: Thread pool adjusted
[2026-02-26 16:29:17] WARN: Disk usage at 80%
[2026-02-26 16:30:16] DEBUG: Thread pool adjusted
[2026-02-26 16:30:49] INFO: Data synchronization complete
[2026-02-26 16:31:41] INFO: User login successful
[2026-02-26 16:32:20] INFO: Connection stable
[2026-02-26 16:32:32] INFO: Connection stable
[2026-02-26 16:33:23] INFO: Data synchronization complete
[2026-02-26 16:33:46] INFO: Connection stable
[2026-02-26 16:34:06] INFO: Session heartbeat received
[2026-02-26 16:34:53] DEBUG: Thread pool adjusted
[2026-02-26 16:35:37] WARN: High latency detected
[2026-02-26 16:36:34] WARN: Disk usage at 80%
[2026-02-26 16:37:09] INFO: Session heartbeat received
[2026-02-26 16:37:47] DEBUG: Thread pool adjusted
[2026-02-26 16:38:18] INFO: Connection stable
[2026-02-26 16:38:25] INFO: Session heartbeat received
[2026-02-26 16:39:01] INFO: Session heartbeat received
