[2026-02-26 13:29:01] WARN: High latency detected
[2026-02-26 13:29:44] WARN: Disk usage at 80%
[2026-02-26 13:30:02] WARN: Disk usage at 80%
[2026-02-26 13:30:43] INFO: Data synchronization complete
[2026-02-26 13:31:09] INFO: Session heartbeat received
[2026-02-26 13:31:31] INFO: Data synchronization complete
[2026-02-26 13:32:15] WARN: High latency detected
[2026-02-26 13:32:25] INFO: Session heartbeat received
[2026-02-26 13:33:20] DEBUG: Memory clear
[2026-02-26 13:34:07] INFO: Connection stable
[2026-02-26 13:34:32] WARN: Disk usage at 80%
[2026-02-26 13:34:46] WARN: Disk usage at 80%
[2026-02-26 13:34:52] WARN: High latency detected
[2026-02-26 13:35:00] WARN: High latency detected
[2026-02-26 13:35:08] DEBUG: Thread pool adjusted
[2026-02-26 13:35:56] DEBUG: Memory clear
[2026-02-26 13:36:19] INFO: Session heartbeat received
[2026-02-26 13:36:35] DEBUG: Cache refreshed
[2026-02-26 13:37:21] INFO: Data synchronization complete
[2026-02-26 13:37:41] INFO: API request processed
[2026-02-26 13:38:04] INFO: Data synchronization complete
[2026-02-26 13:39:00] WARN: Disk usage at 80%
[2026-02-26 13:39:57] INFO: Connection stable
[2026-02-26 13:40:55] INFO: API request processed
[2026-02-26 13:41:05] INFO: API request processed
[2026-02-26 13:41:54] DEBUG: Memory clear
[2026-02-26 13:42:17] DEBUG: Thread pool adjusted
[2026-02-26 13:42:35] INFO: Session heartbeat received
[2026-02-26 13:43:28] INFO: Connection stable
[2026-02-26 13:44:21] DEBUG: Memory clear
[2026-02-26 13:44:35] WARN: High latency detected
[2026-02-26 13:45:34] DEBUG: Memory clear
[2026-02-26 13:45:41] INFO: Data synchronization complete
[2026-02-26 13:45:55] WARN: High latency detected
[2026-02-26 13:46:00] WARN: High latency detected
[2026-02-26 13:46:14] DEBUG: Cache refreshed
[2026-02-26 13:47:09] INFO: API request processed
[2026-02-26 13:47:44] DEBUG: Thread pool adjusted
[2026-02-26 13:48:28] INFO: Session heartbeat received
[2026-02-26 13:49:07] INFO: Connection stable
[2026-02-26 13:49:31] INFO: API request processed
[2026-02-26 13:49:59] DEBUG: Cache refreshed
[2026-02-26 13:50:10] INFO: Connection stable
[2026-02-26 13:50:52] INFO: Session heartbeat received
[2026-02-26 13:51:08] WARN: Disk usage at 80%
[2026-02-26 13:51:46] WARN: Disk usage at 80%
[2026-02-26 13:51:57] INFO: API request processed
[2026-02-26 13:52:08] WARN: Disk usage at 80%
[2026-02-26 13:52:47] DEBUG: Cache refreshed
[2026-02-26 13:53:17] INFO: Session heartbeat received
