[2026-02-26 19:52:48] INFO: Data synchronization complete
[2026-02-26 19:53:36] DEBUG: Cache refreshed
[2026-02-26 19:54:06] DEBUG: Cache refreshed
[2026-02-26 19:54:15] DEBUG: Thread pool adjusted
[2026-02-26 19:54:55] INFO: Connection stable
[2026-02-26 19:55:29] WARN: Disk usage at 80%
[2026-02-26 19:56:21] INFO: API request processed
[2026-02-26 19:57:17] DEBUG: Cache refreshed
[2026-02-26 19:57:24] WARN: Disk usage at 80%
[2026-02-26 19:58:01] WARN: Disk usage at 80%
[2026-02-26 19:58:54] WARN: Disk usage at 80%
[2026-02-26 19:59:45] INFO: Connection stable
[2026-02-26 20:00:31] WARN: Disk usage at 80%
[2026-02-26 20:01:04] INFO: User login successful
[2026-02-26 20:02:03] DEBUG: Thread pool adjusted
[2026-02-26 20:02:47] WARN: Disk usage at 80%
[2026-02-26 20:03:41] INFO: API request processed
[2026-02-26 20:04:30] DEBUG: Thread pool adjusted
[2026-02-26 20:05:10] DEBUG: Thread pool adjusted
[2026-02-26 20:05:30] WARN: High latency detected
[2026-02-26 20:06:14] DEBUG: Memory clear
[2026-02-26 20:06:44] DEBUG: Memory clear
[2026-02-26 20:06:56] INFO: Connection stable
[2026-02-26 20:07:14] INFO: Session heartbeat received
[2026-02-26 20:08:14] WARN: Disk usage at 80%
[2026-02-26 20:08:51] INFO: User login successful
[2026-02-26 20:09:29] DEBUG: Memory clear
[2026-02-26 20:10:22] WARN: Disk usage at 80%
[2026-02-26 20:11:22] INFO: User login successful
[2026-02-26 20:11:40] INFO: Session heartbeat received
[2026-02-26 20:12:03] WARN: Disk usage at 80%
[2026-02-26 20:12:26] INFO: API request processed
[2026-02-26 20:13:22] INFO: User login successful
[2026-02-26 20:13:28] DEBUG: Cache refreshed
[2026-02-26 20:13:47] DEBUG: Cache refreshed
[2026-02-26 20:13:52] INFO: Data synchronization complete
[2026-02-26 20:14:49] INFO: User login successful
[2026-02-26 20:15:39] INFO: Connection stable
[2026-02-26 20:16:31] INFO: User login successful
[2026-02-26 20:17:07] DEBUG: Thread pool adjusted
[2026-02-26 20:17:28] INFO: Connection stable
[2026-02-26 20:17:51] INFO: API request processed
[2026-02-26 20:18:25] DEBUG: Thread pool adjusted
[2026-02-26 20:18:38] INFO: API request processed
[2026-02-26 20:19:28] INFO: API request processed
[2026-02-26 20:19:35] INFO: API request processed
[2026-02-26 20:19:41] INFO: Session heartbeat received
[2026-02-26 20:19:49] INFO: Data synchronization complete
[2026-02-26 20:20:22] INFO: User login successful
[2026-02-26 20:20:53] INFO: Connection stable
