[2026-02-26 15:15:28] INFO: Data synchronization complete
[2026-02-26 15:15:38] INFO: Session heartbeat received
[2026-02-26 15:16:04] WARN: Disk usage at 80%
[2026-02-26 15:16:43] INFO: Connection stable
[2026-02-26 15:17:03] INFO: Session heartbeat received
[2026-02-26 15:17:28] INFO: Connection stable
[2026-02-26 15:18:28] INFO: Connection stable
[2026-02-26 15:19:25] DEBUG: Memory clear
[2026-02-26 15:19:50] DEBUG: Thread pool adjusted
[2026-02-26 15:20:50] DEBUG: Thread pool adjusted
[2026-02-26 15:21:23] DEBUG: Cache refreshed
[2026-02-26 15:21:36] INFO: API request processed
[2026-02-26 15:22:01] DEBUG: Memory clear
[2026-02-26 15:22:54] DEBUG: Memory clear
[2026-02-26 15:23:50] INFO: Data synchronization complete
[2026-02-26 15:24:13] INFO: Data synchronization complete
[2026-02-26 15:24:42] WARN: Disk usage at 80%
[2026-02-26 15:25:16] WARN: High latency detected
[2026-02-26 15:25:41] DEBUG: Memory clear
[2026-02-26 15:26:02] DEBUG: Cache refreshed
[2026-02-26 15:26:23] INFO: API request processed
[2026-02-26 15:26:55] INFO: User login successful
[2026-02-26 15:27:13] INFO: Data synchronization complete
[2026-02-26 15:27:58] INFO: Data synchronization complete
[2026-02-26 15:28:05] INFO: Session heartbeat received
[2026-02-26 15:28:56] INFO: User login successful
[2026-02-26 15:29:07] WARN: High latency detected
[2026-02-26 15:29:15] DEBUG: Memory clear
[2026-02-26 15:29:30] INFO: Data synchronization complete
[2026-02-26 15:29:50] WARN: High latency detected
[2026-02-26 15:30:21] DEBUG: Cache refreshed
[2026-02-26 15:30:45] DEBUG: Thread pool adjusted
[2026-02-26 15:31:43] INFO: Connection stable
[2026-02-26 15:32:41] DEBUG: Cache refreshed
[2026-02-26 15:33:30] DEBUG: Memory clear
[2026-02-26 15:34:20] INFO: Data synchronization complete
[2026-02-26 15:35:04] INFO: Session heartbeat received
[2026-02-26 15:35:40] INFO: Session heartbeat received
[2026-02-26 15:35:57] INFO: Connection stable
[2026-02-26 15:36:15] INFO: User login successful
[2026-02-26 15:36:40] INFO: Session heartbeat received
[2026-02-26 15:37:27] WARN: Disk usage at 80%
[2026-02-26 15:37:52] INFO: Data synchronization complete
[2026-02-26 15:38:36] WARN: High latency detected
[2026-02-26 15:39:30] INFO: Data synchronization complete
[2026-02-26 15:40:19] DEBUG: Cache refreshed
[2026-02-26 15:41:02] INFO: User login successful
[2026-02-26 15:41:58] INFO: User login successful
[2026-02-26 15:42:46] INFO: API request processed
[2026-02-26 15:43:21] INFO: API request processed
