[2026-02-26 19:22:00] INFO: User login successful
[2026-02-26 19:22:24] WARN: Disk usage at 80%
[2026-02-26 19:23:21] INFO: API request processed
[2026-02-26 19:23:35] INFO: Connection stable
[2026-02-26 19:24:29] WARN: High latency detected
[2026-02-26 19:24:34] INFO: Session heartbeat received
[2026-02-26 19:24:53] INFO: API request processed
[2026-02-26 19:25:40] INFO: Session heartbeat received
[2026-02-26 19:26:25] INFO: Connection stable
[2026-02-26 19:27:21] INFO: Data synchronization complete
[2026-02-26 19:28:14] WARN: High latency detected
[2026-02-26 19:28:56] DEBUG: Cache refreshed
[2026-02-26 19:29:55] DEBUG: Cache refreshed
[2026-02-26 19:30:22] WARN: High latency detected
[2026-02-26 19:30:47] INFO: Session heartbeat received
[2026-02-26 19:31:42] DEBUG: Cache refreshed
[2026-02-26 19:31:53] DEBUG: Cache refreshed
[2026-02-26 19:32:08] INFO: Data synchronization complete
[2026-02-26 19:32:46] DEBUG: Memory clear
[2026-02-26 19:32:59] INFO: Session heartbeat received
[2026-02-26 19:33:53] WARN: Disk usage at 80%
[2026-02-26 19:34:39] INFO: User login successful
[2026-02-26 19:35:26] DEBUG: Thread pool adjusted
[2026-02-26 19:36:05] WARN: Disk usage at 80%
[2026-02-26 19:36:53] DEBUG: Cache refreshed
[2026-02-26 19:37:38] INFO: Session heartbeat received
[2026-02-26 19:37:59] INFO: API request processed
[2026-02-26 19:38:41] INFO: Data synchronization complete
[2026-02-26 19:38:51] DEBUG: Cache refreshed
[2026-02-26 19:39:14] DEBUG: Memory clear
[2026-02-26 19:40:11] DEBUG: Thread pool adjusted
[2026-02-26 19:40:42] WARN: Disk usage at 80%
[2026-02-26 19:41:25] INFO: Connection stable
[2026-02-26 19:41:53] DEBUG: Memory clear
[2026-02-26 19:42:53] DEBUG: Memory clear
[2026-02-26 19:43:49] DEBUG: Cache refreshed
[2026-02-26 19:43:58] DEBUG: Cache refreshed
[2026-02-26 19:44:54] WARN: Disk usage at 80%
[2026-02-26 19:45:16] INFO: Data synchronization complete
[2026-02-26 19:46:14] DEBUG: Cache refreshed
[2026-02-26 19:47:04] DEBUG: Memory clear
[2026-02-26 19:48:04] WARN: Disk usage at 80%
[2026-02-26 19:48:20] DEBUG: Cache refreshed
[2026-02-26 19:48:25] WARN: High latency detected
[2026-02-26 19:48:50] WARN: Disk usage at 80%
[2026-02-26 19:49:47] INFO: Session heartbeat received
[2026-02-26 19:50:09] INFO: Session heartbeat received
[2026-02-26 19:50:51] WARN: Disk usage at 80%
[2026-02-26 19:51:17] INFO: Connection stable
[2026-02-26 19:51:50] INFO: Session heartbeat received
