[2026-02-26 18:29:02] WARN: Disk usage at 80%
[2026-02-26 18:29:56] INFO: API request processed
[2026-02-26 18:30:19] INFO: User login successful
[2026-02-26 18:31:09] DEBUG: Memory clear
[2026-02-26 18:31:56] INFO: Session heartbeat received
[2026-02-26 18:32:38] DEBUG: Cache refreshed
[2026-02-26 18:33:06] INFO: Data synchronization complete
[2026-02-26 18:33:40] DEBUG: Cache refreshed
[2026-02-26 18:34:30] WARN: Disk usage at 80%
[2026-02-26 18:35:02] WARN: Disk usage at 80%
[2026-02-26 18:35:59] INFO: User login successful
[2026-02-26 18:36:20] DEBUG: Cache refreshed
[2026-02-26 18:36:37] DEBUG: Cache refreshed
[2026-02-26 18:37:02] INFO: API request processed
[2026-02-26 18:37:27] INFO: Session heartbeat received
[2026-02-26 18:38:11] WARN: High latency detected
[2026-02-26 18:38:27] INFO: Session heartbeat received
[2026-02-26 18:39:18] INFO: Data synchronization complete
[2026-02-26 18:40:11] DEBUG: Memory clear
[2026-02-26 18:41:00] DEBUG: Thread pool adjusted
[2026-02-26 18:41:46] INFO: Connection stable
[2026-02-26 18:42:10] INFO: Session heartbeat received
[2026-02-26 18:43:05] INFO: Data synchronization complete
[2026-02-26 18:43:38] INFO: Connection stable
[2026-02-26 18:44:21] DEBUG: Thread pool adjusted
[2026-02-26 18:44:38] INFO: API request processed
[2026-02-26 18:45:14] WARN: Disk usage at 80%
[2026-02-26 18:45:31] DEBUG: Memory clear
[2026-02-26 18:45:49] INFO: Connection stable
[2026-02-26 18:46:34] INFO: User login successful
[2026-02-26 18:47:22] INFO: Data synchronization complete
[2026-02-26 18:47:36] INFO: User login successful
[2026-02-26 18:48:14] INFO: User login successful
[2026-02-26 18:49:00] INFO: Connection stable
[2026-02-26 18:49:13] DEBUG: Thread pool adjusted
[2026-02-26 18:49:38] INFO: Session heartbeat received
[2026-02-26 18:50:35] INFO: Connection stable
[2026-02-26 18:50:40] WARN: Disk usage at 80%
[2026-02-26 18:51:04] WARN: Disk usage at 80%
[2026-02-26 18:51:47] DEBUG: Cache refreshed
[2026-02-26 18:52:38] WARN: High latency detected
[2026-02-26 18:53:08] INFO: API request processed
[2026-02-26 18:53:36] DEBUG: Thread pool adjusted
[2026-02-26 18:54:21] WARN: High latency detected
[2026-02-26 18:55:13] INFO: Data synchronization complete
[2026-02-26 18:56:08] INFO: Data synchronization complete
[2026-02-26 18:56:45] WARN: High latency detected
[2026-02-26 18:57:06] DEBUG: Thread pool adjusted
[2026-02-26 18:57:47] DEBUG: Thread pool adjusted
[2026-02-26 18:58:28] DEBUG: Cache refreshed
