[2026-02-26 18:02:37] WARN: High latency detected
[2026-02-26 18:03:18] WARN: High latency detected
[2026-02-26 18:03:44] WARN: Disk usage at 80%
[2026-02-26 18:04:26] WARN: Disk usage at 80%
[2026-02-26 18:04:40] INFO: API request processed
[2026-02-26 18:04:49] INFO: Data synchronization complete
[2026-02-26 18:05:35] WARN: High latency detected
[2026-02-26 18:05:41] INFO: Connection stable
[2026-02-26 18:06:35] INFO: Data synchronization complete
[2026-02-26 18:07:10] INFO: API request processed
[2026-02-26 18:07:50] DEBUG: Memory clear
[2026-02-26 18:08:15] WARN: Disk usage at 80%
[2026-02-26 18:08:49] INFO: Data synchronization complete
[2026-02-26 18:09:30] INFO: Connection stable
[2026-02-26 18:09:47] WARN: High latency detected
[2026-02-26 18:10:21] DEBUG: Memory clear
[2026-02-26 18:11:06] WARN: Disk usage at 80%
[2026-02-26 18:11:46] INFO: Data synchronization complete
[2026-02-26 18:12:45] INFO: Connection stable
[2026-02-26 18:13:15] INFO: API request processed
[2026-02-26 18:14:10] DEBUG: Cache refreshed
[2026-02-26 18:14:19] INFO: Connection stable
[2026-02-26 18:15:14] INFO: API request processed
[2026-02-26 18:15:38] INFO: Connection stable
[2026-02-26 18:15:57] WARN: Disk usage at 80%
[2026-02-26 18:16:54] WARN: High latency detected
[2026-02-26 18:17:36] INFO: Data synchronization complete
[2026-02-26 18:17:57] DEBUG: Thread pool adjusted
[2026-02-26 18:18:06] DEBUG: Memory clear
[2026-02-26 18:18:16] INFO: Session heartbeat received
[2026-02-26 18:18:44] INFO: Session heartbeat received
[2026-02-26 18:19:36] INFO: Data synchronization complete
[2026-02-26 18:20:13] DEBUG: Thread pool adjusted
[2026-02-26 18:20:18] WARN: High latency detected
[2026-02-26 18:21:18] INFO: Data synchronization complete
[2026-02-26 18:22:04] INFO: User login successful
[2026-02-26 18:22:19] DEBUG: Thread pool adjusted
[2026-02-26 18:22:34] WARN: High latency detected
[2026-02-26 18:22:53] DEBUG: Thread pool adjusted
[2026-02-26 18:23:21] DEBUG: Cache refreshed
[2026-02-26 18:23:41] DEBUG: Cache refreshed
[2026-02-26 18:24:07] DEBUG: Thread pool adjusted
[2026-02-26 18:24:17] INFO: Session heartbeat received
[2026-02-26 18:24:55] INFO: Connection stable
[2026-02-26 18:25:21] INFO: Session heartbeat received
[2026-02-26 18:26:05] WARN: High latency detected
[2026-02-26 18:26:26] INFO: Connection stable
[2026-02-26 18:27:20] INFO: Connection stable
[2026-02-26 18:28:20] INFO: Session heartbeat received
[2026-02-26 18:28:49] DEBUG: Memory clear
