[2026-02-26 13:54:04] INFO: Connection stable
[2026-02-26 13:54:25] INFO: Session heartbeat received
[2026-02-26 13:55:24] DEBUG: Thread pool adjusted
[2026-02-26 13:55:45] DEBUG: Thread pool adjusted
[2026-02-26 13:55:52] DEBUG: Thread pool adjusted
[2026-02-26 13:56:45] WARN: Disk usage at 80%
[2026-02-26 13:57:31] INFO: API request processed
[2026-02-26 13:57:47] INFO: API request processed
[2026-02-26 13:57:53] WARN: Disk usage at 80%
[2026-02-26 13:58:51] DEBUG: Memory clear
[2026-02-26 13:59:05] DEBUG: Memory clear
[2026-02-26 14:00:01] INFO: Data synchronization complete
[2026-02-26 14:00:13] INFO: Data synchronization complete
[2026-02-26 14:01:00] INFO: Data synchronization complete
[2026-02-26 14:01:59] DEBUG: Thread pool adjusted
[2026-02-26 14:02:54] DEBUG: Memory clear
[2026-02-26 14:03:29] INFO: User login successful
[2026-02-26 14:03:55] DEBUG: Cache refreshed
[2026-02-26 14:04:08] INFO: User login successful
[2026-02-26 14:04:17] WARN: High latency detected
[2026-02-26 14:04:23] INFO: User login successful
[2026-02-26 14:05:20] INFO: Connection stable
[2026-02-26 14:05:54] WARN: High latency detected
[2026-02-26 14:06:22] DEBUG: Cache refreshed
[2026-02-26 14:06:32] DEBUG: Memory clear
[2026-02-26 14:07:25] DEBUG: Cache refreshed
[2026-02-26 14:08:07] INFO: Connection stable
[2026-02-26 14:09:06] INFO: API request processed
[2026-02-26 14:09:35] DEBUG: Cache refreshed
[2026-02-26 14:10:21] INFO: API request processed
[2026-02-26 14:10:49] INFO: API request processed
[2026-02-26 14:11:43] WARN: Disk usage at 80%
[2026-02-26 14:12:11] DEBUG: Thread pool adjusted
[2026-02-26 14:12:59] DEBUG: Thread pool adjusted
[2026-02-26 14:13:46] INFO: Data synchronization complete
[2026-02-26 14:14:17] WARN: Disk usage at 80%
[2026-02-26 14:14:22] INFO: Connection stable
[2026-02-26 14:14:36] WARN: High latency detected
[2026-02-26 14:15:12] INFO: User login successful
[2026-02-26 14:15:37] INFO: User login successful
[2026-02-26 14:16:08] WARN: High latency detected
[2026-02-26 14:16:53] DEBUG: Thread pool adjusted
[2026-02-26 14:17:32] WARN: Disk usage at 80%
[2026-02-26 14:18:15] DEBUG: Memory clear
[2026-02-26 14:18:57] DEBUG: Memory clear
[2026-02-26 14:19:18] WARN: High latency detected
[2026-02-26 14:20:17] INFO: API request processed
[2026-02-26 14:21:16] INFO: API request processed
[2026-02-26 14:21:46] DEBUG: Thread pool adjusted
[2026-02-26 14:21:54] INFO: Session heartbeat received
