[2026-02-26 16:39:45] INFO: Session heartbeat received
[2026-02-26 16:40:21] INFO: API request processed
[2026-02-26 16:40:48] DEBUG: Thread pool adjusted
[2026-02-26 16:40:57] WARN: High latency detected
[2026-02-26 16:41:54] INFO: API request processed
[2026-02-26 16:42:02] INFO: Connection stable
[2026-02-26 16:42:59] DEBUG: Thread pool adjusted
[2026-02-26 16:43:22] DEBUG: Thread pool adjusted
[2026-02-26 16:44:21] WARN: High latency detected
[2026-02-26 16:45:04] INFO: User login successful
[2026-02-26 16:45:12] DEBUG: Thread pool adjusted
[2026-02-26 16:45:42] DEBUG: Thread pool adjusted
[2026-02-26 16:45:54] DEBUG: Thread pool adjusted
[2026-02-26 16:46:28] DEBUG: Memory clear
[2026-02-26 16:47:26] INFO: Connection stable
[2026-02-26 16:47:53] INFO: API request processed
[2026-02-26 16:48:50] DEBUG: Memory clear
[2026-02-26 16:49:02] DEBUG: Memory clear
[2026-02-26 16:50:01] DEBUG: Memory clear
[2026-02-26 16:50:34] INFO: Data synchronization complete
[2026-02-26 16:51:31] WARN: Disk usage at 80%
[2026-02-26 16:51:52] DEBUG: Thread pool adjusted
[2026-02-26 16:52:26] DEBUG: Cache refreshed
[2026-02-26 16:52:54] DEBUG: Memory clear
[2026-02-26 16:52:59] INFO: Data synchronization complete
[2026-02-26 16:53:07] DEBUG: Thread pool adjusted
[2026-02-26 16:53:50] INFO: Data synchronization complete
[2026-02-26 16:54:20] INFO: Data synchronization complete
[2026-02-26 16:54:30] INFO: Data synchronization complete
[2026-02-26 16:55:14] INFO: Session heartbeat received
[2026-02-26 16:55:38] INFO: API request processed
[2026-02-26 16:56:31] INFO: Session heartbeat received
[2026-02-26 16:56:49] INFO: Connection stable
[2026-02-26 16:57:12] INFO: Connection stable
[2026-02-26 16:57:54] INFO: Connection stable
[2026-02-26 16:58:47] INFO: Connection stable
[2026-02-26 16:59:14] INFO: Connection stable
[2026-02-26 17:00:02] DEBUG: Cache refreshed
[2026-02-26 17:00:08] INFO: API request processed
[2026-02-26 17:00:42] DEBUG: Memory clear
[2026-02-26 17:01:04] INFO: Data synchronization complete
[2026-02-26 17:01:23] INFO: Data synchronization complete
[2026-02-26 17:02:17] WARN: Disk usage at 80%
[2026-02-26 17:03:03] DEBUG: Cache refreshed
[2026-02-26 17:03:21] INFO: Connection stable
[2026-02-26 17:03:36] DEBUG: Memory clear
[2026-02-26 17:04:03] WARN: High latency detected
[2026-02-26 17:04:27] INFO: Data synchronization complete
[2026-02-26 17:05:09] WARN: High latency detected
[2026-02-26 17:05:30] INFO: Connection stable
