[2026-02-26 18:58:50] INFO: API request processed
[2026-02-26 18:59:33] WARN: Disk usage at 80%
[2026-02-26 19:00:08] DEBUG: Thread pool adjusted
[2026-02-26 19:00:53] INFO: User login successful
[2026-02-26 19:01:33] WARN: Disk usage at 80%
[2026-02-26 19:01:57] DEBUG: Cache refreshed
[2026-02-26 19:02:43] INFO: Data synchronization complete
[2026-02-26 19:03:30] DEBUG: Thread pool adjusted
[2026-02-26 19:03:40] DEBUG: Memory clear
[2026-02-26 19:04:32] INFO: API request processed
[2026-02-26 19:04:53] WARN: High latency detected
[2026-02-26 19:05:30] DEBUG: Thread pool adjusted
[2026-02-26 19:05:39] WARN: Disk usage at 80%
[2026-02-26 19:05:50] WARN: High latency detected
[2026-02-26 19:06:28] INFO: User login successful
[2026-02-26 19:07:06] WARN: Disk usage at 80%
[2026-02-26 19:07:23] DEBUG: Memory clear
[2026-02-26 19:07:55] INFO: User login successful
[2026-02-26 19:08:42] DEBUG: Memory clear
[2026-02-26 19:09:08] DEBUG: Thread pool adjusted
[2026-02-26 19:09:18] DEBUG: Cache refreshed
[2026-02-26 19:09:59] WARN: High latency detected
[2026-02-26 19:10:25] DEBUG: Thread pool adjusted
[2026-02-26 19:10:33] INFO: API request processed
[2026-02-26 19:10:38] INFO: Connection stable
[2026-02-26 19:10:47] WARN: Disk usage at 80%
[2026-02-26 19:11:18] INFO: API request processed
[2026-02-26 19:11:34] INFO: Data synchronization complete
[2026-02-26 19:12:23] DEBUG: Cache refreshed
[2026-02-26 19:12:53] INFO: Session heartbeat received
[2026-02-26 19:13:05] INFO: Data synchronization complete
[2026-02-26 19:13:35] INFO: Session heartbeat received
[2026-02-26 19:14:01] WARN: Disk usage at 80%
[2026-02-26 19:14:44] INFO: User login successful
[2026-02-26 19:14:57] DEBUG: Cache refreshed
[2026-02-26 19:15:13] INFO: Connection stable
[2026-02-26 19:15:58] DEBUG: Cache refreshed
[2026-02-26 19:16:23] DEBUG: Thread pool adjusted
[2026-02-26 19:16:44] WARN: High latency detected
[2026-02-26 19:17:09] INFO: User login successful
[2026-02-26 19:17:42] INFO: Data synchronization complete
[2026-02-26 19:17:58] INFO: Data synchronization complete
[2026-02-26 19:18:06] INFO: Session heartbeat received
[2026-02-26 19:18:38] DEBUG: Cache refreshed
[2026-02-26 19:18:55] WARN: Disk usage at 80%
[2026-02-26 19:19:09] INFO: Connection stable
[2026-02-26 19:19:46] WARN: Disk usage at 80%
[2026-02-26 19:20:32] WARN: High latency detected
[2026-02-26 19:21:29] INFO: User login successful
[2026-02-26 19:21:44] DEBUG: Cache refreshed
