[2026-02-26 21:19:21] WARN: Disk usage at 80%
[2026-02-26 21:20:17] DEBUG: Cache refreshed
[2026-02-26 21:21:02] INFO: Connection stable
[2026-02-26 21:21:22] DEBUG: Cache refreshed
[2026-02-26 21:21:42] DEBUG: Cache refreshed
[2026-02-26 21:22:12] INFO: User login successful
[2026-02-26 21:23:04] WARN: High latency detected
[2026-02-26 21:23:14] INFO: User login successful
[2026-02-26 21:23:33] DEBUG: Thread pool adjusted
[2026-02-26 21:24:22] DEBUG: Cache refreshed
[2026-02-26 21:25:22] WARN: Disk usage at 80%
[2026-02-26 21:26:16] WARN: High latency detected
[2026-02-26 21:26:54] INFO: API request processed
[2026-02-26 21:27:10] INFO: Data synchronization complete
[2026-02-26 21:27:55] INFO: Session heartbeat received
[2026-02-26 21:28:14] WARN: High latency detected
[2026-02-26 21:29:10] INFO: Connection stable
[2026-02-26 21:29:36] DEBUG: Cache refreshed
[2026-02-26 21:29:44] INFO: API request processed
[2026-02-26 21:30:25] INFO: User login successful
[2026-02-26 21:30:51] INFO: Session heartbeat received
[2026-02-26 21:31:41] DEBUG: Thread pool adjusted
[2026-02-26 21:32:38] INFO: Session heartbeat received
[2026-02-26 21:32:56] WARN: Disk usage at 80%
[2026-02-26 21:33:46] DEBUG: Memory clear
[2026-02-26 21:34:32] WARN: Disk usage at 80%
[2026-02-26 21:34:41] DEBUG: Thread pool adjusted
[2026-02-26 21:35:04] DEBUG: Memory clear
[2026-02-26 21:35:54] WARN: Disk usage at 80%
[2026-02-26 21:36:36] DEBUG: Memory clear
[2026-02-26 21:37:17] WARN: Disk usage at 80%
[2026-02-26 21:38:16] INFO: Connection stable
[2026-02-26 21:38:44] DEBUG: Cache refreshed
[2026-02-26 21:39:36] DEBUG: Thread pool adjusted
[2026-02-26 21:40:20] INFO: User login successful
[2026-02-26 21:40:39] WARN: High latency detected
[2026-02-26 21:41:29] INFO: User login successful
[2026-02-26 21:42:12] INFO: Session heartbeat received
[2026-02-26 21:42:18] INFO: Data synchronization complete
[2026-02-26 21:43:06] INFO: API request processed
[2026-02-26 21:43:27] INFO: User login successful
[2026-02-26 21:43:45] INFO: Connection stable
[2026-02-26 21:44:17] INFO: Connection stable
[2026-02-26 21:44:22] WARN: High latency detected
[2026-02-26 21:44:43] DEBUG: Thread pool adjusted
[2026-02-26 21:45:32] DEBUG: Thread pool adjusted
[2026-02-26 21:46:06] INFO: API request processed
[2026-02-26 21:46:49] DEBUG: Memory clear
[2026-02-26 21:47:45] WARN: Disk usage at 80%
[2026-02-26 21:48:31] DEBUG: Cache refreshed
