[2026-02-26 20:49:25] WARN: Disk usage at 80%
[2026-02-26 20:50:03] INFO: Connection stable
[2026-02-26 20:50:38] INFO: Connection stable
[2026-02-26 20:50:55] WARN: Disk usage at 80%
[2026-02-26 20:51:31] DEBUG: Thread pool adjusted
[2026-02-26 20:52:31] DEBUG: Cache refreshed
[2026-02-26 20:53:12] WARN: High latency detected
[2026-02-26 20:53:46] DEBUG: Thread pool adjusted
[2026-02-26 20:54:44] INFO: User login successful
[2026-02-26 20:55:31] INFO: User login successful
[2026-02-26 20:56:19] WARN: High latency detected
[2026-02-26 20:56:43] DEBUG: Memory clear
[2026-02-26 20:57:14] WARN: High latency detected
[2026-02-26 20:57:53] INFO: API request processed
[2026-02-26 20:58:06] DEBUG: Memory clear
[2026-02-26 20:58:29] WARN: High latency detected
[2026-02-26 20:58:57] INFO: API request processed
[2026-02-26 20:59:30] INFO: API request processed
[2026-02-26 20:59:55] INFO: Data synchronization complete
[2026-02-26 21:00:21] INFO: Data synchronization complete
[2026-02-26 21:01:02] INFO: Connection stable
[2026-02-26 21:01:50] INFO: Session heartbeat received
[2026-02-26 21:02:01] INFO: Connection stable
[2026-02-26 21:02:18] DEBUG: Thread pool adjusted
[2026-02-26 21:02:39] DEBUG: Cache refreshed
[2026-02-26 21:03:21] INFO: API request processed
[2026-02-26 21:04:06] DEBUG: Cache refreshed
[2026-02-26 21:04:27] DEBUG: Thread pool adjusted
[2026-02-26 21:05:21] INFO: User login successful
[2026-02-26 21:06:07] WARN: High latency detected
[2026-02-26 21:06:36] INFO: Data synchronization complete
[2026-02-26 21:06:58] INFO: API request processed
[2026-02-26 21:07:19] INFO: Connection stable
[2026-02-26 21:08:07] DEBUG: Thread pool adjusted
[2026-02-26 21:08:53] INFO: User login successful
[2026-02-26 21:09:09] INFO: Session heartbeat received
[2026-02-26 21:09:36] DEBUG: Memory clear
[2026-02-26 21:10:32] DEBUG: Thread pool adjusted
[2026-02-26 21:11:18] DEBUG: Cache refreshed
[2026-02-26 21:11:39] INFO: Connection stable
[2026-02-26 21:12:09] DEBUG: Thread pool adjusted
[2026-02-26 21:12:52] INFO: Session heartbeat received
[2026-02-26 21:13:35] DEBUG: Thread pool adjusted
[2026-02-26 21:14:32] INFO: API request processed
[2026-02-26 21:15:07] DEBUG: Thread pool adjusted
[2026-02-26 21:15:37] INFO: Session heartbeat received
[2026-02-26 21:16:05] INFO: User login successful
[2026-02-26 21:16:58] INFO: Session heartbeat received
[2026-02-26 21:17:40] WARN: Disk usage at 80%
[2026-02-26 21:18:24] INFO: Data synchronization complete
