[2026-02-26 12:34:08] INFO: Session heartbeat received
[2026-02-26 12:34:22] WARN: High latency detected
[2026-02-26 12:35:06] INFO: API request processed
[2026-02-26 12:36:03] WARN: High latency detected
[2026-02-26 12:36:39] DEBUG: Memory clear
[2026-02-26 12:37:31] INFO: Connection stable
[2026-02-26 12:38:04] INFO: User login successful
[2026-02-26 12:38:09] INFO: User login successful
[2026-02-26 12:38:31] INFO: Data synchronization complete
[2026-02-26 12:39:13] WARN: High latency detected
[2026-02-26 12:39:34] INFO: Connection stable
[2026-02-26 12:39:57] WARN: Disk usage at 80%
[2026-02-26 12:40:20] INFO: API request processed
[2026-02-26 12:40:50] WARN: Disk usage at 80%
[2026-02-26 12:40:56] INFO: Data synchronization complete
[2026-02-26 12:41:53] DEBUG: Thread pool adjusted
[2026-02-26 12:42:06] WARN: Disk usage at 80%
[2026-02-26 12:42:25] WARN: Disk usage at 80%
[2026-02-26 12:42:53] INFO: API request processed
[2026-02-26 12:43:16] WARN: High latency detected
[2026-02-26 12:43:26] INFO: API request processed
[2026-02-26 12:44:26] INFO: API request processed
[2026-02-26 12:45:20] DEBUG: Thread pool adjusted
[2026-02-26 12:46:05] WARN: High latency detected
[2026-02-26 12:46:33] DEBUG: Cache refreshed
[2026-02-26 12:47:20] INFO: Connection stable
[2026-02-26 12:47:48] INFO: User login successful
[2026-02-26 12:48:17] DEBUG: Cache refreshed
[2026-02-26 12:48:56] DEBUG: Thread pool adjusted
[2026-02-26 12:49:08] DEBUG: Memory clear
[2026-02-26 12:49:46] DEBUG: Memory clear
[2026-02-26 12:50:38] WARN: Disk usage at 80%
[2026-02-26 12:50:52] WARN: High latency detected
[2026-02-26 12:51:01] DEBUG: Thread pool adjusted
[2026-02-26 12:51:10] DEBUG: Memory clear
[2026-02-26 12:51:42] WARN: Disk usage at 80%
[2026-02-26 12:52:32] WARN: High latency detected
[2026-02-26 12:53:13] DEBUG: Thread pool adjusted
[2026-02-26 12:53:24] INFO: Data synchronization complete
[2026-02-26 12:53:48] INFO: Connection stable
[2026-02-26 12:54:21] INFO: API request processed
[2026-02-26 12:55:18] INFO: User login successful
[2026-02-26 12:56:07] INFO: User login successful
[2026-02-26 12:56:33] INFO: Session heartbeat received
[2026-02-26 12:57:12] INFO: API request processed
[2026-02-26 12:58:04] INFO: Data synchronization complete
[2026-02-26 12:58:52] DEBUG: Memory clear
[2026-02-26 12:59:27] INFO: Data synchronization complete
[2026-02-26 12:59:38] INFO: User login successful
[2026-02-26 12:59:54] INFO: Connection stable
