[2026-02-26 14:22:13] INFO: User login successful
[2026-02-26 14:23:00] DEBUG: Cache refreshed
[2026-02-26 14:23:41] DEBUG: Memory clear
[2026-02-26 14:24:15] INFO: Data synchronization complete
[2026-02-26 14:24:31] INFO: Data synchronization complete
[2026-02-26 14:24:44] DEBUG: Cache refreshed
[2026-02-26 14:25:27] INFO: Connection stable
[2026-02-26 14:26:02] DEBUG: Thread pool adjusted
[2026-02-26 14:26:44] INFO: Data synchronization complete
[2026-02-26 14:27:10] WARN: High latency detected
[2026-02-26 14:27:18] WARN: High latency detected
[2026-02-26 14:27:43] WARN: High latency detected
[2026-02-26 14:27:49] INFO: Session heartbeat received
[2026-02-26 14:28:02] WARN: Disk usage at 80%
[2026-02-26 14:28:27] DEBUG: Cache refreshed
[2026-02-26 14:28:39] DEBUG: Memory clear
[2026-02-26 14:29:31] INFO: Session heartbeat received
[2026-02-26 14:29:40] DEBUG: Memory clear
[2026-02-26 14:30:03] INFO: Data synchronization complete
[2026-02-26 14:30:31] INFO: API request processed
[2026-02-26 14:30:47] WARN: Disk usage at 80%
[2026-02-26 14:31:46] DEBUG: Memory clear
[2026-02-26 14:31:54] DEBUG: Memory clear
[2026-02-26 14:32:15] INFO: Data synchronization complete
[2026-02-26 14:32:27] INFO: Data synchronization complete
[2026-02-26 14:33:20] DEBUG: Memory clear
[2026-02-26 14:34:07] DEBUG: Thread pool adjusted
[2026-02-26 14:34:39] WARN: High latency detected
[2026-02-26 14:35:30] WARN: Disk usage at 80%
[2026-02-26 14:36:10] INFO: Session heartbeat received
[2026-02-26 14:36:41] INFO: User login successful
[2026-02-26 14:37:18] INFO: Data synchronization complete
[2026-02-26 14:37:33] INFO: User login successful
[2026-02-26 14:37:53] DEBUG: Memory clear
[2026-02-26 14:38:39] INFO: Data synchronization complete
[2026-02-26 14:39:11] DEBUG: Cache refreshed
[2026-02-26 14:39:30] CRITICAL_ERROR: Database_Connection_Timeout
[2026-02-26 14:40:13] DEBUG: Thread pool adjusted
[2026-02-26 14:40:29] DEBUG: Thread pool adjusted
[2026-02-26 14:41:16] DEBUG: Thread pool adjusted
[2026-02-26 14:41:59] DEBUG: Memory clear
[2026-02-26 14:42:44] INFO: Data synchronization complete
[2026-02-26 14:42:57] INFO: API request processed
[2026-02-26 14:43:10] DEBUG: Cache refreshed
[2026-02-26 14:43:53] INFO: User login successful
[2026-02-26 14:44:12] DEBUG: Memory clear
[2026-02-26 14:44:49] WARN: High latency detected
[2026-02-26 14:44:59] INFO: Connection stable
[2026-02-26 14:45:36] DEBUG: Memory clear
[2026-02-26 14:45:46] INFO: User login successful
