[2026-02-26 13:00:18] INFO: API request processed
[2026-02-26 13:01:17] INFO: API request processed
[2026-02-26 13:02:16] INFO: User login successful
[2026-02-26 13:03:02] INFO: Connection stable
[2026-02-26 13:03:36] WARN: High latency detected
[2026-02-26 13:03:49] INFO: Connection stable
[2026-02-26 13:04:10] INFO: API request processed
[2026-02-26 13:04:24] WARN: High latency detected
[2026-02-26 13:05:06] DEBUG: Thread pool adjusted
[2026-02-26 13:05:22] INFO: Connection stable
[2026-02-26 13:05:54] INFO: Data synchronization complete
[2026-02-26 13:06:18] DEBUG: Thread pool adjusted
[2026-02-26 13:07:00] DEBUG: Memory clear
[2026-02-26 13:07:42] INFO: API request processed
[2026-02-26 13:08:20] INFO: Data synchronization complete
[2026-02-26 13:09:13] DEBUG: Cache refreshed
[2026-02-26 13:09:42] INFO: Data synchronization complete
[2026-02-26 13:10:20] WARN: Disk usage at 80%
[2026-02-26 13:10:29] INFO: API request processed
[2026-02-26 13:11:16] INFO: API request processed
[2026-02-26 13:12:08] INFO: Connection stable
[2026-02-26 13:12:32] DEBUG: Thread pool adjusted
[2026-02-26 13:12:38] WARN: High latency detected
[2026-02-26 13:13:38] INFO: Connection stable
[2026-02-26 13:13:47] DEBUG: Memory clear
[2026-02-26 13:14:10] WARN: Disk usage at 80%
[2026-02-26 13:14:27] INFO: Data synchronization complete
[2026-02-26 13:15:01] INFO: Connection stable
[2026-02-26 13:15:08] INFO: Connection stable
[2026-02-26 13:16:05] WARN: High latency detected
[2026-02-26 13:16:16] INFO: Connection stable
[2026-02-26 13:16:53] DEBUG: Memory clear
[2026-02-26 13:17:53] DEBUG: Thread pool adjusted
[2026-02-26 13:18:27] DEBUG: Memory clear
[2026-02-26 13:18:46] DEBUG: Cache refreshed
[2026-02-26 13:19:03] DEBUG: Memory clear
[2026-02-26 13:20:02] INFO: Session heartbeat received
[2026-02-26 13:20:52] WARN: High latency detected
[2026-02-26 13:21:32] INFO: Data synchronization complete
[2026-02-26 13:21:54] WARN: High latency detected
[2026-02-26 13:22:41] INFO: Connection stable
[2026-02-26 13:23:14] DEBUG: Memory clear
[2026-02-26 13:24:03] INFO: User login successful
[2026-02-26 13:24:35] WARN: Disk usage at 80%
[2026-02-26 13:25:20] DEBUG: Cache refreshed
[2026-02-26 13:25:30] WARN: Disk usage at 80%
[2026-02-26 13:26:29] INFO: Connection stable
[2026-02-26 13:27:18] DEBUG: Cache refreshed
[2026-02-26 13:27:35] WARN: High latency detected
[2026-02-26 13:28:31] WARN: Disk usage at 80%
