[2026-02-26 14:46:12] INFO: API request processed
[2026-02-26 14:46:31] DEBUG: Memory clear
[2026-02-26 14:46:38] WARN: Disk usage at 80%
[2026-02-26 14:47:07] INFO: API request processed
[2026-02-26 14:47:18] INFO: Connection stable
[2026-02-26 14:48:15] WARN: Disk usage at 80%
[2026-02-26 14:48:40] INFO: Connection stable
[2026-02-26 14:49:38] INFO: API request processed
[2026-02-26 14:50:34] DEBUG: Cache refreshed
[2026-02-26 14:50:41] DEBUG: Cache refreshed
[2026-02-26 14:51:26] INFO: Data synchronization complete
[2026-02-26 14:52:20] INFO: API request processed
[2026-02-26 14:53:09] DEBUG: Cache refreshed
[2026-02-26 14:53:46] WARN: High latency detected
[2026-02-26 14:54:04] INFO: Session heartbeat received
[2026-02-26 14:54:53] DEBUG: Thread pool adjusted
[2026-02-26 14:55:01] INFO: API request processed
[2026-02-26 14:55:57] INFO: Session heartbeat received
[2026-02-26 14:56:39] INFO: Data synchronization complete
[2026-02-26 14:57:33] INFO: Data synchronization complete
[2026-02-26 14:57:43] WARN: High latency detected
[2026-02-26 14:58:28] INFO: Connection stable
[2026-02-26 14:59:12] INFO: User login successful
[2026-02-26 14:59:53] INFO: API request processed
[2026-02-26 15:00:39] INFO: Data synchronization complete
[2026-02-26 15:01:29] DEBUG: Cache refreshed
[2026-02-26 15:01:56] INFO: User login successful
[2026-02-26 15:02:40] INFO: Data synchronization complete
[2026-02-26 15:03:39] DEBUG: Thread pool adjusted
[2026-02-26 15:03:51] INFO: Session heartbeat received
[2026-02-26 15:04:32] WARN: High latency detected
[2026-02-26 15:04:56] INFO: Connection stable
[2026-02-26 15:05:29] INFO: API request processed
[2026-02-26 15:06:09] INFO: Data synchronization complete
[2026-02-26 15:06:54] INFO: Data synchronization complete
[2026-02-26 15:07:05] INFO: Connection stable
[2026-02-26 15:07:46] INFO: Connection stable
[2026-02-26 15:07:55] DEBUG: Memory clear
[2026-02-26 15:08:44] DEBUG: Cache refreshed
[2026-02-26 15:09:18] WARN: Disk usage at 80%
[2026-02-26 15:09:48] INFO: User login successful
[2026-02-26 15:10:11] WARN: Disk usage at 80%
[2026-02-26 15:11:06] INFO: Session heartbeat received
[2026-02-26 15:11:50] INFO: API request processed
[2026-02-26 15:12:24] DEBUG: Memory clear
[2026-02-26 15:13:13] DEBUG: Memory clear
[2026-02-26 15:13:31] WARN: High latency detected
[2026-02-26 15:13:51] WARN: High latency detected
[2026-02-26 15:14:02] INFO: Connection stable
[2026-02-26 15:14:51] DEBUG: Memory clear
